{
  "RSpec": {
    "coverage": {
      "/Users/ahmadshoh/Projects/salah-app/app/services/pray_time_service.rb": {
        "lines": [
          null,
          null,
          1,
          1,
          null,
          1,
          null,
          1,
          16,
          null,
          null,
          1,
          24,
          24,
          null,
          24,
          null,
          24,
          null,
          null,
          1,
          0,
          null,
          null,
          1,
          2,
          null,
          2,
          null,
          2,
          null,
          null,
          1,
          2,
          2,
          null,
          null,
          1,
          20,
          null,
          null,
          1,
          0,
          null,
          null,
          1,
          null,
          0,
          null,
          null,
          null,
          null,
          null,
          null,
          null,
          null,
          1,
          null,
          1,
          26,
          null,
          26,
          26,
          null,
          26,
          null,
          null,
          1,
          26,
          26,
          null,
          null,
          1,
          104,
          104,
          null,
          null,
          1,
          26,
          null,
          null
        ],
        "branches": {
          "[:unless, 0, 14, 4, 14, 29]": {
            "[:else, 1, 14, 4, 14, 29]": 24,
            "[:then, 2, 14, 4, 14, 16]": 0
          },
          "[:if, 3, 35, 4, 35, 72]": {
            "[:then, 4, 35, 32, 35, 37]": 0,
            "[:else, 5, 35, 40, 35, 72]": 2
          },
          "[:if, 6, 60, 9, 60, 75]": {
            "[:then, 7, 60, 45, 60, 63]": 2,
            "[:else, 8, 60, 66, 60, 75]": 24
          },
          "[:if, 9, 63, 21, 63, 92]": {
            "[:then, 10, 63, 37, 63, 53]": 3,
            "[:else, 11, 63, 56, 63, 92]": 23
          }
        }
      }
    },
    "timestamp": 1693024200
  }
}
