SF:./app/services/pray_time_service.rb
DA:3,1
DA:4,1
DA:6,1
DA:8,1
DA:9,16
DA:12,1
DA:13,24
DA:14,24
DA:16,24
DA:18,24
DA:19,24
DA:21,24
DA:24,1
DA:25,0
DA:28,1
DA:29,2
DA:31,2
DA:33,2
DA:36,1
DA:37,2
DA:38,2
DA:41,1
DA:42,20
DA:45,1
DA:46,0
DA:49,1
DA:51,0
DA:60,1
DA:62,1
DA:63,26
DA:64,26
DA:67,1
DA:68,104
DA:69,104
DA:72,1
DA:73,26
BRDA:14,0,1,24
BRDA:14,0,2,-
BRDA:16,0,3,2
BRDA:16,0,4,22
BRDA:19,0,5,3
BRDA:19,0,6,21
BRDA:31,0,7,-
BRDA:31,0,8,2
BRDA:33,0,9,-
BRDA:33,0,10,2
BRDA:38,0,11,-
BRDA:38,0,12,2
BRF:12
BRH:8
end_of_record
