SF:./app/components/application_component.rb
DA:1,1
BRF:0
BRH:0
end_of_record
SF:./app/components/pray_time_component.rb
DA:1,1
DA:2,1
DA:3,10
DA:4,10
DA:5,10
DA:6,10
DA:9,1
DA:10,10
DA:11,10
DA:15,1
DA:17,1
DA:18,10
DA:21,1
DA:22,10
DA:23,10
DA:26,1
DA:27,10
DA:29,2
DA:30,4
DA:33,8
BRDA:5,0,1,2
BRDA:5,0,2,8
BRDA:18,0,3,2
BRDA:18,0,4,8
BRDA:23,0,5,2
BRDA:23,0,6,8
BRDA:27,0,7,2
BRDA:32,0,8,8
BRF:8
BRH:8
end_of_record
SF:./app/controllers/application_controller.rb
DA:1,1
BRF:0
BRH:0
end_of_record
SF:./app/controllers/main_controller.rb
DA:1,1
DA:2,1
DA:4,1
DA:5,2
DA:6,2
DA:9,1
DA:10,0
DA:12,0
DA:15,1
DA:17,1
DA:18,2
BRDA:18,0,1,1
BRDA:18,0,2,1
BRF:2
BRH:2
end_of_record
SF:./app/models/application_record.rb
DA:1,1
DA:2,1
BRF:0
BRH:0
end_of_record
SF:./app/models/pray_time.rb
DA:1,1
DA:2,1
DA:3,2
DA:6,1
DA:7,8
DA:10,1
DA:11,0
BRF:0
BRH:0
end_of_record
SF:./app/services/import_service.rb
DA:1,1
DA:2,1
DA:3,1
DA:4,1
DA:6,280
DA:8,1
DA:9,31
DA:10,31
DA:11,31
DA:12,31
DA:13,31
DA:14,31
DA:15,31
DA:16,31
DA:20,1
DA:22,1
DA:23,1
DA:29,1
BRF:0
BRH:0
end_of_record
SF:./app/services/pray_time_service.rb
DA:1,1
DA:2,1
DA:4,1
DA:5,46
DA:6,46
DA:8,46
DA:10,46
DA:11,0
DA:14,46
DA:16,46
DA:17,46
DA:20,1
DA:21,22
DA:22,4
DA:24,4
DA:27,1
DA:28,22
DA:29,4
DA:30,4
DA:33,1
DA:34,0
DA:35,0
DA:38,1
DA:39,12
DA:42,1
DA:44,2
BRDA:6,0,1,46
BRDA:6,0,2,-
BRDA:10,0,3,-
BRDA:10,0,4,46
BRDA:16,0,5,6
BRDA:16,0,6,40
BRDA:24,0,7,2
BRDA:24,0,8,2
BRDA:30,0,9,2
BRDA:30,0,10,2
BRF:10
BRH:8
end_of_record
SF:./db/seeds.rb

BRF:0
BRH:0
end_of_record
